<?xml version="1.0" encoding="UTF-8"?>
<testng-results skipped="0" failed="0" total="1" passed="1">
  <reporter-output>
  </reporter-output>
  <suite name="ALL" duration-ms="4417" started-at="2018-08-25T18:36:50Z" finished-at="2018-08-25T18:36:55Z">
    <groups>
    </groups>
    <test name="Maven All" duration-ms="4417" started-at="2018-08-25T18:36:50Z" finished-at="2018-08-25T18:36:55Z">
      <class name="com.sample.headlessBrowser.Test1">
        <test-method status="PASS" signature="beforeTest()[pri:0, instance:com.sample.headlessBrowser.Test1@c00fff0]" name="beforeTest" is-config="true" duration-ms="4379" started-at="2018-08-26T00:06:50Z" finished-at="2018-08-26T00:06:55Z">
          <reporter-output>
          </reporter-output>
        </test-method> <!-- beforeTest -->
        <test-method status="PASS" signature="test()[pri:0, instance:com.sample.headlessBrowser.Test1@c00fff0]" name="test" duration-ms="6" started-at="2018-08-26T00:06:55Z" finished-at="2018-08-26T00:06:55Z">
          <reporter-output>
          </reporter-output>
        </test-method> <!-- test -->
        <test-method status="PASS" signature="after()[pri:0, instance:com.sample.headlessBrowser.Test1@c00fff0]" name="after" is-config="true" duration-ms="4" started-at="2018-08-26T00:06:55Z" finished-at="2018-08-26T00:06:55Z">
          <reporter-output>
          </reporter-output>
        </test-method> <!-- after -->
      </class> <!-- com.sample.headlessBrowser.Test1 -->
    </test> <!-- Maven All -->
  </suite> <!-- ALL -->
</testng-results>
